mode: set
github.com/dragonzurfer/revclose/fractal.go:5.64,6.55 1 1
github.com/dragonzurfer/revclose/fractal.go:9.2,18.19 6 1
github.com/dragonzurfer/revclose/fractal.go:6.55,8.3 1 1
github.com/dragonzurfer/revclose/fractal.go:21.64,22.55 1 1
github.com/dragonzurfer/revclose/fractal.go:25.2,34.17 6 1
github.com/dragonzurfer/revclose/fractal.go:22.55,24.3 1 1
github.com/dragonzurfer/revclose/fractal.go:37.73,39.36 2 1
github.com/dragonzurfer/revclose/fractal.go:60.2,60.45 1 1
github.com/dragonzurfer/revclose/fractal.go:39.36,43.35 4 1
github.com/dragonzurfer/revclose/fractal.go:48.3,48.35 1 1
github.com/dragonzurfer/revclose/fractal.go:53.3,53.49 1 1
github.com/dragonzurfer/revclose/fractal.go:56.3,56.49 1 1
github.com/dragonzurfer/revclose/fractal.go:43.35,47.4 3 1
github.com/dragonzurfer/revclose/fractal.go:48.35,52.4 3 1
github.com/dragonzurfer/revclose/fractal.go:53.49,55.4 1 1
github.com/dragonzurfer/revclose/fractal.go:56.49,58.4 1 1
github.com/dragonzurfer/revclose/levels.go:5.97,8.45 2 1
github.com/dragonzurfer/revclose/levels.go:16.2,16.22 1 1
github.com/dragonzurfer/revclose/levels.go:8.45,9.32 1 1
github.com/dragonzurfer/revclose/levels.go:9.32,10.41 1 1
github.com/dragonzurfer/revclose/levels.go:10.41,12.5 1 1
github.com/dragonzurfer/revclose/revclose.go:45.88,63.2 10 1
github.com/dragonzurfer/revclose/singvalue.go:5.93,6.75 1 1
github.com/dragonzurfer/revclose/singvalue.go:9.2,9.9 1 1
github.com/dragonzurfer/revclose/singvalue.go:15.2,15.16 1 1
github.com/dragonzurfer/revclose/singvalue.go:6.75,8.3 1 1
github.com/dragonzurfer/revclose/singvalue.go:10.24,11.14 1 1
github.com/dragonzurfer/revclose/singvalue.go:12.24,13.13 1 1
